<?xml version="1.0" encoding="UTF-8"?>
<!-- Generated by org.testng.reporters.JUnitXMLReporter -->
<testsuite ignored="0" hostname="Praful" failures="1" tests="5" name="Test" time="44.156" errors="0" timestamp="2025-01-03T20:50:06 IST">
  <testcase classname="Tutorial111.Demo11" name="abc" time="10.984">
    <skipped/>
  </testcase> <!-- abc -->
  <testcase classname="Tutorial111.Demo11" name="abc" time="7.775">
    <skipped/>
  </testcase> <!-- abc -->
  <testcase classname="Tutorial111.Demo11" name="abc" time="7.63">
    <skipped/>
  </testcase> <!-- abc -->
  <testcase classname="Tutorial111.Demo11" name="abc" time="9.408">
    <skipped/>
  </testcase> <!-- abc -->
  <testcase classname="Tutorial111.Demo11" name="abc" time="7.7">
    <failure type="java.lang.AssertionError" message="expected [true] but found [false]">
      <![CDATA[java.lang.AssertionError: expected [true] but found [false]
at Tutorial111.Demo11.abc(Demo11.java:22)
at java.base/java.util.ArrayList.forEach(ArrayList.java:1511)
... Removed 33 stack frames]]>
    </failure>
  </testcase> <!-- abc -->
</testsuite> <!-- Test -->
